<?xml version="1.0" encoding="UTF-8"?>
<!-- Generated by org.testng.reporters.JUnitReportReporter -->
<testsuite skipped="0" hostname="ASDP1726PO02529" name="com.qait.main.LogInGmail" tests="2" failures="0" timestamp="02 Aug 2017 07:28:56 GMT" time="9.823" errors="0">
  <testcase name="SendingMail" time="4.268" classname="com.qait.main.LogInGmail"/>
  <testcase name="LoggingIn" time="5.555" classname="com.qait.main.LogInGmail"/>
</testsuite> <!-- com.qait.main.LogInGmail -->
