<?xml version="1.0" encoding="UTF-8"?>
<!-- Generated by org.testng.reporters.JUnitReportReporter -->
<testsuite skipped="0" hostname="ASDP1726PO02529" name="com.qait.main.DataProvider" tests="1" failures="0" timestamp="02 Aug 2017 10:20:43 GMT" time="0.113" errors="0">
  <testcase name="readFile" time="0.113" classname="com.qait.main.DataProvider"/>
</testsuite> <!-- com.qait.main.DataProvider -->
