<?xml version="1.0" encoding="UTF-8"?>
<!-- Generated by org.testng.reporters.JUnitReportReporter -->
<testsuite skipped="0" hostname="ASDP1726PO02529" name="com.qait.main.DataProviders" tests="2" failures="0" timestamp="07 Aug 2017 10:15:34 GMT" time="102.640" errors="0">
  <testcase name="sendingMails" time="51.498" classname="com.qait.main.DataProviders"/>
  <testcase name="sendingMails" time="51.142" classname="com.qait.main.DataProviders"/>
</testsuite> <!-- com.qait.main.DataProviders -->
