<?xml version="1.0" encoding="UTF-8"?>
<!-- Generated by org.testng.reporters.JUnitReportReporter -->
<testsuite skipped="0" hostname="ASDP1726PO02529" name="com.qait.main.Experimentation" tests="1" failures="0" timestamp="01 Aug 2017 11:51:42 GMT" time="3.088" errors="1">
  <testcase name="experiment" time="3.088" classname="com.qait.main.Experimentation">
    <error type="com.google.cloud.translate.TranslateException" message="The request is missing a valid API key.">
      <![CDATA[com.google.cloud.translate.TranslateException: The request is missing a valid API key.
	at com.google.cloud.translate.spi.v2.HttpTranslateRpc.translate(HttpTranslateRpc.java:61)
	at com.google.cloud.translate.spi.v2.HttpTranslateRpc.translate(HttpTranslateRpc.java:144)
	at com.google.cloud.translate.TranslateImpl$4.call(TranslateImpl.java:113)
	at com.google.cloud.translate.TranslateImpl$4.call(TranslateImpl.java:110)
	at com.google.api.gax.retrying.DirectRetryingExecutor.submit(DirectRetryingExecutor.java:94)
	at com.google.cloud.RetryHelper.runWithRetries(RetryHelper.java:54)
	at com.google.cloud.translate.TranslateImpl.translate(TranslateImpl.java:110)
	at com.google.cloud.translate.TranslateImpl.translate(TranslateImpl.java:124)
	at com.qait.main.Experimentation.experiment(Experimentation.java:36)
	at sun.reflect.NativeMethodAccessorImpl.invoke0(Native Method)
	at sun.reflect.NativeMethodAccessorImpl.invoke(NativeMethodAccessorImpl.java:62)
	at sun.reflect.DelegatingMethodAccessorImpl.invoke(DelegatingMethodAccessorImpl.java:43)
	at java.lang.reflect.Method.invoke(Method.java:498)
	at org.testng.internal.MethodInvocationHelper.invokeMethod(MethodInvocationHelper.java:108)
	at org.testng.internal.Invoker.invokeMethod(Invoker.java:661)
	at org.testng.internal.Invoker.invokeTestMethod(Invoker.java:869)
	at org.testng.internal.Invoker.invokeTestMethods(Invoker.java:1193)
	at org.testng.internal.TestMethodWorker.invokeTestMethods(TestMethodWorker.java:126)
	at org.testng.internal.TestMethodWorker.run(TestMethodWorker.java:109)
	at org.testng.TestRunner.privateRun(TestRunner.java:744)
	at org.testng.TestRunner.run(TestRunner.java:602)
	at org.testng.SuiteRunner.runTest(SuiteRunner.java:380)
	at org.testng.SuiteRunner.runSequentially(SuiteRunner.java:375)
	at org.testng.SuiteRunner.privateRun(SuiteRunner.java:340)
	at org.testng.SuiteRunner.run(SuiteRunner.java:289)
	at org.testng.SuiteRunnerWorker.runSuite(SuiteRunnerWorker.java:52)
	at org.testng.SuiteRunnerWorker.run(SuiteRunnerWorker.java:86)
	at org.testng.TestNG.runSuitesSequentially(TestNG.java:1301)
	at org.testng.TestNG.runSuitesLocally(TestNG.java:1226)
	at org.testng.TestNG.runSuites(TestNG.java:1144)
	at org.testng.TestNG.run(TestNG.java:1115)
	at org.testng.remote.AbstractRemoteTestNG.run(AbstractRemoteTestNG.java:132)
	at org.testng.remote.RemoteTestNG.initAndRun(RemoteTestNG.java:230)
	at org.testng.remote.RemoteTestNG.main(RemoteTestNG.java:76)
Caused by: com.google.api.client.googleapis.json.GoogleJsonResponseException: 403 Forbidden
{
  "code" : 403,
  "errors" : [ {
    "domain" : "global",
    "message" : "The request is missing a valid API key.",
    "reason" : "forbidden"
  } ],
  "message" : "The request is missing a valid API key.",
  "status" : "PERMISSION_DENIED"
}
	at com.google.api.client.googleapis.json.GoogleJsonResponseException.from(GoogleJsonResponseException.java:146)
	at com.google.api.client.googleapis.services.json.AbstractGoogleJsonClientRequest.newExceptionOnError(AbstractGoogleJsonClientRequest.java:113)
	at com.google.api.client.googleapis.services.json.AbstractGoogleJsonClientRequest.newExceptionOnError(AbstractGoogleJsonClientRequest.java:40)
	at com.google.api.client.googleapis.services.AbstractGoogleClientRequest$1.interceptResponse(AbstractGoogleClientRequest.java:321)
	at com.google.api.client.http.HttpRequest.execute(HttpRequest.java:1065)
	at com.google.api.client.googleapis.services.AbstractGoogleClientRequest.executeUnparsed(AbstractGoogleClientRequest.java:419)
	at com.google.api.client.googleapis.services.AbstractGoogleClientRequest.executeUnparsed(AbstractGoogleClientRequest.java:352)
	at com.google.api.client.googleapis.services.AbstractGoogleClientRequest.execute(AbstractGoogleClientRequest.java:469)
	at com.google.cloud.translate.spi.v2.HttpTranslateRpc.translate(HttpTranslateRpc.java:130)
	... 32 more
]]>
    </error>
  </testcase> <!-- experiment -->
</testsuite> <!-- com.qait.main.Experimentation -->
