<?xml version="1.0" encoding="UTF-8"?>
<!-- Generated by org.testng.reporters.JUnitReportReporter -->
<testsuite skipped="0" hostname="ASDP1726PO02529" name="com.qait.main.LoggingIn" tests="1" failures="0" timestamp="02 Aug 2017 12:46:11 GMT" time="12.146" errors="0">
  <testcase name="sendingMail" time="12.146" classname="com.qait.main.LoggingIn"/>
</testsuite> <!-- com.qait.main.LoggingIn -->
