<?xml version="1.0" encoding="UTF-8"?>
<!-- Generated by org.testng.reporters.JUnitReportReporter -->
<testsuite skipped="0" hostname="ASDP1726PO02529" name="com.qait.main.DataProviderExample" tests="6" failures="0" timestamp="24 Jul 2017 07:54:56 GMT" time="0.021" errors="0">
  <testcase name="b_setData" time="0.001" classname="com.qait.main.DataProviderExample"/>
  <testcase name="b_setData" time="0.001" classname="com.qait.main.DataProviderExample"/>
  <testcase name="a_check" time="0.015" classname="com.qait.main.DataProviderExample"/>
  <testcase name="a_check" time="0.001" classname="com.qait.main.DataProviderExample"/>
  <testcase name="b_setData" time="0.002" classname="com.qait.main.DataProviderExample"/>
  <testcase name="a_check" time="0.001" classname="com.qait.main.DataProviderExample"/>
</testsuite> <!-- com.qait.main.DataProviderExample -->
