<?xml version="1.0" encoding="UTF-8"?>
<!-- Generated by org.testng.reporters.JUnitXMLReporter -->
<testsuite hostname="ASDP1726PO02529" ignored="0" name="Test-1" tests="2" failures="0" timestamp="04 Aug 2017 11:23:06 GMT" time="43.504" errors="0">
  <testcase name="sendingMails" time="21.629" classname="com.qait.main.DataProviders"/>
  <testcase name="sendingMails" time="19.472" classname="com.qait.main.DataProviders"/>
</testsuite> <!-- Test-1 -->
